This file contains any messages produced by compilers while
running configure, to aid debugging if configure makes a mistake.

It was created by configure, which was
generated by GNU Autoconf 2.61.  Invocation command line was

  $ ./configure 

## --------- ##
## Platform. ##
## --------- ##

hostname = hayamizu-PC
uname -m = i686
uname -r = 1.7.7(0.230/5/3)
uname -s = CYGWIN_NT-6.1
uname -v = 2010-08-31 09:58

/usr/bin/uname -p = unknown
/bin/uname -X     = unknown

/bin/arch              = i686
/usr/bin/arch -k       = unknown
/usr/convex/getsysinfo = unknown
/usr/bin/hostinfo      = unknown
/bin/machine           = unknown
/usr/bin/oslevel       = unknown
/bin/universe          = unknown

PATH: /usr/local/bin
PATH: /usr/bin
PATH: /bin
PATH: /cygdrive/c/Program Files/Common Files/Microsoft Shared/Windows Live
PATH: /cygdrive/c/Windows/system32
PATH: /cygdrive/c/Windows
PATH: /cygdrive/c/Windows/System32/Wbem
PATH: /cygdrive/c/Windows/System32/WindowsPowerShell/v1.0/
PATH: /cygdrive/c/Program Files/ATI Technologies/ATI.ACE/Core-Static
PATH: /cygdrive/c/Program Files/Windows Live/Shared
PATH: /cygdrive/c/Program Files/QuickTime/QTSystem/
PATH: /cygdrive/c/Program Files/Microsoft SQL Server/90/Tools/binn/
PATH: /cygdrive/c/Program Files/OpenCV2.1/bin
PATH: /cygdrive/d/bin
PATH: /cygdrive/d/bin/emacs-23.2/bin
PATH: /cygdrive/d/bin/gvim
PATH: /usr/bin
PATH: /usr/lib/lapack


## ----------- ##
## Core tests. ##
## ----------- ##

configure:1725: checking for a BSD-compatible install
configure:1781: result: /usr/bin/install -c
configure:1792: checking whether build environment is sane
configure:1835: result: yes
configure:1863: checking for a thread-safe mkdir -p
configure:1902: result: /usr/bin/mkdir -p
configure:1915: checking for gawk
configure:1931: found /usr/bin/gawk
configure:1942: result: gawk
configure:1953: checking whether make sets $(MAKE)
configure:1974: result: yes
configure:2162: checking whether to enable maintainer-specific portions of Makefiles
configure:2171: result: no
configure:2196: checking build system type
configure:2214: result: i686-pc-cygwin
configure:2236: checking host system type
configure:2251: result: i686-pc-cygwin
configure:2322: checking for cvs
configure:2338: found /usr/bin/cvs
configure:2350: result: cvs -z3
configure:2358: checking whether ln -s works
configure:2362: result: yes
configure:2374: checking for emacs
configure:2390: found /usr/bin/emacs
configure:2401: result: emacs
configure:2419: checking detecting your emacs type
configure:2436: result: emacs21
configure:2495: checking where .elc files should go
configure:2524: result: /usr/share/emacs/site-lisp
configure:2544: checking where howm files should go
configure:2552: result: ${lispdir}/howm
configure:2598: checking where ext files should go
configure:2606: result: ${datadir}/howm/ext
configure:2784: creating ./config.status

## ---------------------- ##
## Running config.status. ##
## ---------------------- ##

This file was extended by config.status, which was
generated by GNU Autoconf 2.61.  Invocation command line was

  CONFIG_FILES    = 
  CONFIG_HEADERS  = 
  CONFIG_LINKS    = 
  CONFIG_COMMANDS = 
  $ ./config.status 

on hayamizu-PC

config.status:622: creating Makefile
config.status:622: creating doc/Makefile
config.status:622: creating ext/Makefile
config.status:622: creating en/Makefile
config.status:622: creating ja/Makefile
config.status:622: creating sample/Makefile

## ---------------- ##
## Cache variables. ##
## ---------------- ##

ac_cv_build=i686-pc-cygwin
ac_cv_env_build_alias_set=
ac_cv_env_build_alias_value=
ac_cv_env_host_alias_set=
ac_cv_env_host_alias_value=
ac_cv_env_target_alias_set=
ac_cv_env_target_alias_value=
ac_cv_host=i686-pc-cygwin
ac_cv_path_install='/usr/bin/install -c'
ac_cv_path_mkdir=/usr/bin/mkdir
ac_cv_prog_AWK=gawk
ac_cv_prog_CVS='cvs -z3'
ac_cv_prog_EMACS=emacs
ac_cv_prog_make_make_set=yes
am_cv_lispdir=/usr/share/emacs/site-lisp

## ----------------- ##
## Output variables. ##
## ----------------- ##

ACLOCAL='${SHELL} /cygdrive/d/home/.emacs.d/plugins/howm-1.3.9.1/missing --run aclocal-1.10'
AMTAR='${SHELL} /cygdrive/d/home/.emacs.d/plugins/howm-1.3.9.1/missing --run tar'
AUTOCONF='${SHELL} /cygdrive/d/home/.emacs.d/plugins/howm-1.3.9.1/missing --run autoconf'
AUTOHEADER='${SHELL} /cygdrive/d/home/.emacs.d/plugins/howm-1.3.9.1/missing --run autoheader'
AUTOMAKE='${SHELL} /cygdrive/d/home/.emacs.d/plugins/howm-1.3.9.1/missing --run automake-1.10'
AWK='gawk'
CVS='cvs -z3'
CYGPATH_W='cygpath -w'
DEFS='-DPACKAGE_NAME=\"\" -DPACKAGE_TARNAME=\"\" -DPACKAGE_VERSION=\"\" -DPACKAGE_STRING=\"\" -DPACKAGE_BUGREPORT=\"\" -DPACKAGE=\"howm\" -DVERSION=\"1.3.9.1\"'
ECHO_C=''
ECHO_N='-n'
ECHO_T=''
EMACS='emacs'
INSTALL_DATA='${INSTALL} -m 644'
INSTALL_PROGRAM='${INSTALL}'
INSTALL_SCRIPT='${INSTALL}'
INSTALL_STRIP_PROGRAM='$(install_sh) -c -s'
LIBOBJS=''
LIBS=''
LN_S='ln -s'
LTLIBOBJS=''
MAINT='#'
MAINTAINER_MODE_FALSE=''
MAINTAINER_MODE_TRUE='#'
MAKEINFO='${SHELL} /cygdrive/d/home/.emacs.d/plugins/howm-1.3.9.1/missing --run makeinfo'
PACKAGE='howm'
PACKAGE_BUGREPORT=''
PACKAGE_NAME=''
PACKAGE_STRING=''
PACKAGE_TARNAME=''
PACKAGE_VERSION=''
PATH_SEPARATOR=':'
SET_MAKE=''
SHELL='bash'
STRIP=''
VERSION='1.3.9.1'
am__isrc=''
am__leading_dot='.'
am__tar='${AMTAR} chof - "$$tardir"'
am__untar='${AMTAR} xf -'
bindir='${exec_prefix}/bin'
build='i686-pc-cygwin'
build_alias=''
build_cpu='i686'
build_os='cygwin'
build_vendor='pc'
datadir='${datarootdir}'
datarootdir='${prefix}/share'
docdir='${datarootdir}/doc/${PACKAGE}'
dvidir='${docdir}'
exec_prefix='${prefix}'
extdir='${datadir}/howm/ext'
host='i686-pc-cygwin'
host_alias=''
host_cpu='i686'
host_os='cygwin'
host_vendor='pc'
howmdir='${lispdir}/howm'
htmldir='${docdir}'
includedir='${prefix}/include'
infodir='${datarootdir}/info'
install_sh='$(SHELL) /cygdrive/d/home/.emacs.d/plugins/howm-1.3.9.1/install-sh'
libdir='${exec_prefix}/lib'
libexecdir='${exec_prefix}/libexec'
lispdir='/usr/share/emacs/site-lisp'
localedir='${datarootdir}/locale'
localstatedir='${prefix}/var'
mandir='${datarootdir}/man'
mkdir_p='/usr/bin/mkdir -p'
oldincludedir='/usr/include'
packagedir=''
pdfdir='${docdir}'
prefix='/usr/local'
program_transform_name='s,x,x,'
psdir='${docdir}'
sbindir='${exec_prefix}/sbin'
sharedstatedir='${prefix}/com'
sysconfdir='${prefix}/etc'
target_alias=''

## ----------- ##
## confdefs.h. ##
## ----------- ##

#define PACKAGE_NAME ""
#define PACKAGE_TARNAME ""
#define PACKAGE_VERSION ""
#define PACKAGE_STRING ""
#define PACKAGE_BUGREPORT ""
#define PACKAGE "howm"
#define VERSION "1.3.9.1"

configure: exit 0
